current directory: C:/Users/t9520/rails/taskleaf/vendor/bundle/ruby/2.5.0/gems/puma-3.12.6/ext/puma_http11
C:/Ruby25-x64/bin/ruby.exe -I C:/Ruby25-x64/lib/ruby/site_ruby/2.5.0 -r ./siteconf20210713-12020-14opxoe.rb extconf.rb
checking for BIO_read() in -lcrypto... yes
checking for SSL_CTX_new() in -lssl... yes
checking for openssl/bio.h... yes
creating Makefile

current directory: C:/Users/t9520/rails/taskleaf/vendor/bundle/ruby/2.5.0/gems/puma-3.12.6/ext/puma_http11
make DESTDIR\= clean

current directory: C:/Users/t9520/rails/taskleaf/vendor/bundle/ruby/2.5.0/gems/puma-3.12.6/ext/puma_http11
make DESTDIR\=
generating puma_http11-x64-mingw32.def
compiling http11_parser.c
compiling io_buffer.c
compiling mini_ssl.c
mini_ssl.c: In function 'engine_init_client':
mini_ssl.c:220:3: warning: 'DTLSv1_method' is deprecated [-Wdeprecated-declarations]
  220 |   conn->ctx = SSL_CTX_new(DTLSv1_method());
      |   ^~~~
In file included from C:/msys64/mingw64/include/openssl/e_os2.h:13,
                 from C:/msys64/mingw64/include/openssl/bio.h:13,
                 from mini_ssl.c:14:
C:/msys64/mingw64/include/openssl/ssl.h:1895:1: note: declared here
 1895 | DEPRECATEDIN_1_1_0(__owur const SSL_METHOD *DTLSv1_method(void)) /* DTLSv1.0 */
      | ^~~~~~~~~~~~~~~~~~
compiling puma_http11.c
linking shared-object puma/puma_http11.so
C:/msys64/mingw64/bin/../lib/gcc/x86_64-w64-mingw32/10.2.0/../../../../x86_64-w64-mingw32/bin/ld.exe: puma_http11.o:puma_http11.c:(.text+0x9ab): undefined reference to `__memcpy_chk'
collect2.exe: error: ld returned 1 exit status
make: *** [Makefile:259: puma_http11.so] エラー 1

make failed, exit code 2
